<?xml version="1.0" encoding="UTF-8"?>
<!-- Generated by org.testng.reporters.JUnitReportReporter -->
<testsuite name="testCase.VerifyLoginPageWithReports" tests="1" time="19.914" ignored="0" failures="0" timestamp="05 Mar 2017 10:26:09 GMT" skipped="0" hostname="KriJay" errors="0">
  <testcase name="testLoginPage" time="19.914" classname="testCase.VerifyLoginPageWithReports"/>
</testsuite> <!-- testCase.VerifyLoginPageWithReports -->
