<?xml version="1.0" encoding="UTF-8"?>
<!-- Generated by org.testng.reporters.JUnitReportReporter -->
<testsuite name="testCase.VerifyHomePage" tests="1" time="15.014" ignored="0" failures="0" timestamp="04 Mar 2017 09:30:09 GMT" skipped="0" hostname="KriJay" errors="0">
  <testcase name="testHomePage" time="15.014" classname="testCase.VerifyHomePage"/>
</testsuite> <!-- testCase.VerifyHomePage -->
