<?xml version="1.0" encoding="UTF-8"?>
<!-- Generated by org.testng.reporters.JUnitReportReporter -->
<testsuite name="testCase.VerifyLoginPage" tests="1" time="21.300" ignored="0" failures="0" timestamp="04 Mar 2017 09:36:18 GMT" skipped="0" hostname="KriJay" errors="0">
  <testcase name="testLoginPage" time="21.300" classname="testCase.VerifyLoginPage"/>
</testsuite> <!-- testCase.VerifyLoginPage -->
