<?xml version="1.0" encoding="UTF-8"?>
<!-- Generated by org.testng.reporters.JUnitReportReporter -->
<testsuite name="testCase.VerifyLoginPageWithReports1" tests="1" time="20.150" ignored="0" failures="0" timestamp="05 Mar 2017 10:34:06 GMT" skipped="0" hostname="KriJay" errors="0">
  <testcase name="testLoginPage" time="20.150" classname="testCase.VerifyLoginPageWithReports1"/>
</testsuite> <!-- testCase.VerifyLoginPageWithReports1 -->
